<?xml version="1.0" encoding="UTF-8"?>
<!-- Generated by org.testng.reporters.JUnitReportReporter -->
<testsuite hostname="hurryface-lm" name="TestNG.BeforeAndAfterMethod" tests="2" failures="0" timestamp="21 Jul 2014 09:41:08 GMT" time="0.007" errors="0">
  <testcase name="modifycustomertest" time="0.001" classname="TestNG.BeforeAndAfterMethod"/>
  <testcase name="createcustomertest" time="0.006" classname="TestNG.BeforeAndAfterMethod"/>
</testsuite> <!-- TestNG.BeforeAndAfterMethod -->
