<?xml version="1.0" encoding="UTF-8"?>
<!-- Generated by org.testng.reporters.JUnitReportReporter -->
<testsuite hostname="hurryface-lm" name="TestNG.NewTest1" tests="1" failures="0" timestamp="19 Jul 2014 09:02:35 GMT" time="0.010" errors="0">
  <testcase name="f" time="0.010" classname="TestNG.NewTest1"/>
</testsuite> <!-- TestNG.NewTest1 -->
