<?xml version="1.0" encoding="UTF-8"?>
<!-- Generated by org.testng.reporters.JUnitReportReporter -->
<testsuite hostname="hurryface-lm" name="TestNG.NewTest" tests="1" failures="0" timestamp="29 Oct 2015 05:46:43 GMT" time="0.013" errors="0">
  <testcase name="createcustomertest" time="0.013" classname="TestNG.NewTest"/>
</testsuite> <!-- TestNG.NewTest -->
