<?xml version="1.0" encoding="UTF-8"?>
<!-- Generated by org.testng.reporters.JUnitReportReporter -->
<testsuite hostname="hurryface-lm" name="Pac1.AsserTest" tests="1" failures="0" timestamp="30 Aug 2015 14:22:04 GMT" time="6.341" errors="0">
  <testcase name="ftest" time="6.341" classname="Pac1.AsserTest"/>
</testsuite> <!-- Pac1.AsserTest -->
