<?xml version="1.0" encoding="UTF-8"?>
<!-- Generated by org.testng.reporters.JUnitReportReporter -->
<testsuite hostname="hurryface-lm" name="Pac1.NewTest2" tests="4" failures="0" timestamp="22 Jul 2014 13:06:39 GMT" time="0.010" errors="0">
  <testcase name="logintest" time="0.000" classname="Pac1.NewTest2"/>
  <testcase name="createcustomertest" time="0.000" classname="Pac1.NewTest2"/>
  <testcase name="logout" time="0.001" classname="Pac1.NewTest2"/>
  <testcase name="launchbrowsertest" time="0.009" classname="Pac1.NewTest2"/>
</testsuite> <!-- Pac1.NewTest2 -->
