<?xml version="1.0" encoding="UTF-8"?>
<!-- Generated by org.testng.reporters.JUnitReportReporter -->
<testsuite hostname="hurryface-lm" name="TestNG.BeforeAndAfterTest" tests="2" failures="0" timestamp="29 Oct 2015 05:44:47 GMT" time="0.005" errors="0">
  <testcase name="createcustomertest" time="0.004" classname="TestNG.BeforeAndAfterTest"/>
  <testcase name="modifycustomertest" time="0.001" classname="TestNG.BeforeAndAfterTest"/>
</testsuite> <!-- TestNG.BeforeAndAfterTest -->
