<?xml version="1.0" encoding="UTF-8"?>
<!-- Generated by org.testng.reporters.JUnitReportReporter -->
<testsuite hostname="hurryface-lm" name="Pac1.AssertTest" tests="1" failures="0" timestamp="29 Oct 2015 05:01:36 GMT" time="4.354" errors="0">
  <testcase name="Assertvery" time="4.354" classname="Pac1.AssertTest"/>
</testsuite> <!-- Pac1.AssertTest -->
