<?xml version="1.0" encoding="UTF-8"?>
<!-- Generated by org.testng.reporters.JUnitReportReporter -->
<testsuite hostname="hurryface-lm" name="Pac1.testNGPgm1" tests="1" failures="0" timestamp="29 Oct 2015 05:40:48 GMT" time="3.187" errors="0">
  <testcase name="ftest" time="3.187" classname="Pac1.testNGPgm1"/>
</testsuite> <!-- Pac1.testNGPgm1 -->
