<?xml version="1.0" encoding="UTF-8"?>
<!-- Generated by org.testng.reporters.JUnitReportReporter -->
<testsuite hostname="hurryface-lm" name="Pac1.PriorityTest" tests="1" failures="0" timestamp="21 Aug 2015 06:15:01 GMT" time="0.000" errors="0">
  <testcase name="launchbrowsertest" time="0.000" classname="Pac1.PriorityTest"/>
</testsuite> <!-- Pac1.PriorityTest -->
